#
# There is insufficient memory for the Java Runtime Environment to continue.
# Native memory allocation (malloc) failed to allocate 1048576 bytes for AllocateHeap
# Possible reasons:
#   The system is out of physical RAM or swap space
#   In 32 bit mode, the process size limit was hit
# Possible solutions:
#   Reduce memory load on the system
#   Increase physical memory or swap space
#   Check if swap backing store is full
#   Use 64 bit Java on a 64 bit OS
#   Decrease Java heap size (-Xmx/-Xms)
#   Decrease number of Java threads
#   Decrease Java thread stack sizes (-Xss)
#   Set larger code cache with -XX:ReservedCodeCacheSize=
# This output file may be truncated or incomplete.
#
#  Out of Memory Error (memory/allocation.inline.hpp:61), pid=2948, tid=2624
#
# JRE version:  (7.0_75-b13) (build )
# Java VM: Java HotSpot(TM) 64-Bit Server VM (24.75-b04 mixed mode windows-amd64 compressed oops)
# Failed to write core dump. Minidumps are not enabled by default on client versions of Windows
#

---------------  T H R E A D  ---------------

Current thread (0x0000000002230800):  JavaThread "Unknown thread" [_thread_in_vm, id=2624, stack(0x0000000002070000,0x0000000002170000)]

Stack: [0x0000000002070000,0x0000000002170000]
[error occurred during error reporting (printing stack bounds), id 0xc0000005]


---------------  P R O C E S S  ---------------

Java Threads: ( => current thread )

Other Threads:

=>0x0000000002230800 (exited) JavaThread "Unknown thread" [_thread_in_vm, id=2624, stack(0x0000000002070000,0x0000000002170000)]

VM state:not at safepoint (normal execution)

VM Mutex/Monitor currently owned by a thread: None

Heap
 PSYoungGen      total 38400K, used 665K [0x00000007d5c80000, 0x00000007d8700000, 0x0000000800000000)
  eden space 33280K, 2% used [0x00000007d5c80000,0x00000007d5d266b8,0x00000007d7d00000)
  from space 5120K, 0% used [0x00000007d8200000,0x00000007d8200000,0x00000007d8700000)
  to   space 5120K, 0% used [0x00000007d7d00000,0x00000007d7d00000,0x00000007d8200000)
 ParOldGen       total 86016K, used 0K [0x0000000781600000, 0x0000000786a00000, 0x00000007d5c80000)
  object space 86016K, 0% used [0x0000000781600000,0x0000000781600000,0x0000000786a00000)
 PSPermGen       total 21504K, used 697K [0x000000077c400000, 0x000000077d900000, 0x0000000781600000)
  object space 21504K, 3% used [0x000000077c400000,0x000000077c4ae580,0x000000077d900000)

Card table byte_map: [0x00000000053f0000,0x0000000005810000] byte_map_base: 0x000000000180e000

Polling page: 0x00000000008a0000

Code Cache  [0x0000000002330000, 0x00000000025a0000, 0x0000000005330000)
 total_blobs=38 nmethods=0 adapters=20 free_code_cache=48889Kb largest_free_block=50062528

Compilation events (0 events):
No events

GC Heap History (0 events):
No events

Deoptimization events (0 events):
No events

Internal exceptions (0 events):
No events

Events (10 events):
Event: 0.043 loading class 0x0000000002276910
Event: 0.044 loading class 0x0000000002276910 done
Event: 0.044 loading class 0x0000000002276960
Event: 0.044 loading class 0x0000000002276960 done
Event: 0.044 loading class 0x00000000022769b0
Event: 0.044 loading class 0x00000000022769b0 done
Event: 0.045 loading class 0x0000000002277730
Event: 0.046 loading class 0x0000000002277730 done
Event: 0.046 loading class 0x0000000002277350
Event: 0.046 loading class 0x0000000002277350 done


Dynamic libraries:
0x00007ff774e80000 - 0x00007ff774eb3000 	C:\Program Files\Java\jdk1.7.0_75\bin\java.exe
0x00007ff8027f0000 - 0x00007ff802996000 	C:\WINDOWS\SYSTEM32\ntdll.dll
0x00007ff8022a0000 - 0x00007ff8023da000 	C:\WINDOWS\system32\KERNEL32.DLL
0x00007fffffed0000 - 0x00007ffffffdf000 	C:\WINDOWS\system32\KERNELBASE.dll
0x00007ffffe320000 - 0x00007ffffe3a8000 	C:\WINDOWS\system32\apphelp.dll
0x00007fffed030000 - 0x00007fffed07f000 	C:\WINDOWS\AppPatch\AppPatch64\AcGenral.DLL
0x00007ff8023f0000 - 0x00007ff802497000 	C:\WINDOWS\system32\msvcrt.dll
0x00007fffff920000 - 0x00007fffff94b000 	C:\WINDOWS\SYSTEM32\SspiCli.dll
0x00007ff801ed0000 - 0x00007ff801f21000 	C:\WINDOWS\system32\SHLWAPI.dll
0x00007ff801f40000 - 0x00007ff8020b1000 	C:\WINDOWS\system32\USER32.dll
0x00007ff800070000 - 0x00007ff8001e8000 	C:\WINDOWS\system32\ole32.dll
0x00007ff800ac0000 - 0x00007ff801ecf000 	C:\WINDOWS\system32\SHELL32.dll
0x00007fffff130000 - 0x00007fffff14e000 	C:\WINDOWS\SYSTEM32\USERENV.dll
0x00007ff8024a0000 - 0x00007ff802545000 	C:\WINDOWS\system32\ADVAPI32.dll
0x00007ffff9080000 - 0x00007ffff909b000 	C:\WINDOWS\SYSTEM32\MPR.dll
0x00007ff800980000 - 0x00007ff800ab7000 	C:\WINDOWS\system32\RPCRT4.dll
0x00007ff800460000 - 0x00007ff8004b7000 	C:\WINDOWS\SYSTEM32\sechost.dll
0x00007ff8005f0000 - 0x00007ff8007c6000 	C:\WINDOWS\SYSTEM32\combase.dll
0x00007ff8001f0000 - 0x00007ff800334000 	C:\WINDOWS\system32\GDI32.dll
0x00007fffffb40000 - 0x00007fffffb54000 	C:\WINDOWS\SYSTEM32\profapi.dll
0x00007ffffeb40000 - 0x00007ffffebdf000 	C:\WINDOWS\SYSTEM32\SHCORE.dll
0x00007ff8027b0000 - 0x00007ff8027e4000 	C:\WINDOWS\system32\IMM32.DLL
0x00007ff8025c0000 - 0x00007ff8026f9000 	C:\WINDOWS\system32\MSCTF.dll
0x00007ffffd340000 - 0x00007ffffd59a000 	C:\WINDOWS\WinSxS\amd64_microsoft.windows.common-controls_6595b64144ccf1df_6.0.9600.17031_none_6242a4b3ecbb55a1\COMCTL32.dll
0x0000000052e90000 - 0x0000000052f62000 	C:\Program Files\Java\jdk1.7.0_75\jre\bin\msvcr100.dll
0x0000000053290000 - 0x0000000053a64000 	C:\Program Files\Java\jdk1.7.0_75\jre\bin\server\jvm.dll
0x00007ffff41e0000 - 0x00007ffff41e9000 	C:\WINDOWS\SYSTEM32\WSOCK32.dll
0x00007ffffb980000 - 0x00007ffffb99f000 	C:\WINDOWS\SYSTEM32\WINMM.dll
0x00007ff801f30000 - 0x00007ff801f37000 	C:\WINDOWS\system32\PSAPI.DLL
0x00007ff800360000 - 0x00007ff8003b8000 	C:\WINDOWS\system32\WS2_32.dll
0x00007ffff9ad0000 - 0x00007ffff9afa000 	C:\WINDOWS\SYSTEM32\WINMMBASE.dll
0x00007ff802550000 - 0x00007ff802559000 	C:\WINDOWS\system32\NSI.dll
0x00007fffffbf0000 - 0x00007fffffc3a000 	C:\WINDOWS\SYSTEM32\cfgmgr32.dll
0x00007ffffe570000 - 0x00007ffffe596000 	C:\WINDOWS\SYSTEM32\DEVOBJ.dll
0x0000000054060000 - 0x000000005406f000 	C:\Program Files\Java\jdk1.7.0_75\jre\bin\verify.dll
0x0000000054030000 - 0x0000000054058000 	C:\Program Files\Java\jdk1.7.0_75\jre\bin\java.dll
0x0000000054010000 - 0x0000000054025000 	C:\Program Files\Java\jdk1.7.0_75\jre\bin\zip.dll

VM Arguments:
java_command: <unknown>
Launcher Type: SUN_STANDARD

Environment Variables:
JAVA_HOME=C:\Program Files\Java\jdk1.7.0_75
PATH=C:\Program Files\Java\jdk1.7.0_75\bin\;C:\Program Files (x86)\Java\jdk1.8.0_05\bin
USERNAME=justine
OS=Windows_NT
PROCESSOR_IDENTIFIER=Intel64 Family 6 Model 69 Stepping 1, GenuineIntel



---------------  S Y S T E M  ---------------

OS: Windows 8.1 , 64 bit Build 9600 

CPU:total 4 (2 cores per cpu, 2 threads per core) family 6 model 69 stepping 1, cmov, cx8, fxsr, mmx, sse, sse2, sse3, ssse3, sse4.1, sse4.2, popcnt, avx, avx2, aes, erms, ht, tsc, tscinvbit

Memory: 4k page, physical 8293252k(1430356k free), swap 10750320k(5616k free)

vm_info: Java HotSpot(TM) 64-Bit Server VM (24.75-b04) for windows-amd64 JRE (1.7.0_75-b13), built on Dec 18 2014 17:15:01 by "java_re" with unknown MS VC++:1600

time: Sun Jan 25 05:03:53 2015
elapsed time: 0 seconds

